<?xml version="1.0"?><coverage lines-covered="114" lines-valid="120" line-rate="0.95" branches-covered="0" branches-valid="0" branch-rate="0" complexity="0" version="1.9" timestamp="1774792040"><sources><source>/home/nikola-bozin/Documents/projects2.0/trading-analytics</source></sources><packages><package name="src" line-rate="0.95" branch-rate="0" complexity="0"><classes><class name="main" filename="src/main.rs" line-rate="0" branch-rate="0" complexity="0"><methods/><lines><line number="8" hits="0"/><line number="9" hits="0"/><line number="10" hits="0"/><line number="12" hits="0"/><line number="13" hits="0"/><line number="15" hits="0"/></lines></class><class name="parsing" filename="src/parsing.rs" line-rate="1" branch-rate="0" complexity="0"><methods/><lines><line number="10" hits="4"/><line number="11" hits="5"/><line number="12" hits="4"/><line number="14" hits="6"/><line number="16" hits="6"/><line number="17" hits="5"/><line number="18" hits="5"/><line number="19" hits="11"/><line number="20" hits="6"/><line number="22" hits="2"/><line number="27" hits="4"/><line number="31" hits="13"/><line number="33" hits="19"/><line number="34" hits="11"/><line number="35" hits="16"/><line number="37" hits="11"/><line number="38" hits="18"/><line number="40" hits="12"/><line number="41" hits="10"/><line number="42" hits="12"/><line number="44" hits="4"/><line number="45" hits="4"/><line number="46" hits="8"/><line number="47" hits="12"/><line number="52" hits="21"/><line number="58" hits="12"/><line number="60" hits="12"/><line number="61" hits="11"/><line number="62" hits="22"/><line number="63" hits="22"/><line number="65" hits="11"/><line number="66" hits="11"/><line number="67" hits="11"/><line number="68" hits="22"/><line number="74" hits="17"/><line number="75" hits="5"/><line number="78" hits="15"/><line number="80" hits="16"/><line number="81" hits="11"/><line number="82" hits="11"/><line number="84" hits="3"/><line number="85" hits="3"/><line number="86" hits="9"/><line number="87" hits="12"/><line number="91" hits="4"/><line number="94" hits="2"/><line number="97" hits="1"/><line number="98" hits="8"/><line number="100" hits="1"/><line number="102" hits="8"/><line number="103" hits="4"/><line number="107" hits="4"/><line number="111" hits="1"/><line number="112" hits="3"/><line number="116" hits="6"/><line number="117" hits="1"/><line number="118" hits="3"/><line number="119" hits="5"/><line number="122" hits="3"/><line number="123" hits="3"/><line number="125" hits="1"/><line number="129" hits="9"/><line number="131" hits="7"/></lines></class><class name="trades" filename="src/trades.rs" line-rate="1" branch-rate="0" complexity="0"><methods/><lines><line number="10" hits="1"/><line number="11" hits="7"/><line number="13" hits="9"/><line number="14" hits="8"/><line number="18" hits="6"/><line number="19" hits="2"/><line number="24" hits="8"/><line number="27" hits="8"/><line number="29" hits="15"/><line number="30" hits="6"/><line number="31" hits="2"/><line number="32" hits="6"/><line number="33" hits="2"/><line number="34" hits="6"/><line number="35" hits="1"/><line number="36" hits="7"/><line number="37" hits="1"/><line number="43" hits="8"/><line number="49" hits="16"/><line number="52" hits="16"/><line number="54" hits="16"/><line number="58" hits="8"/><line number="60" hits="11"/><line number="61" hits="10"/><line number="62" hits="3"/><line number="66" hits="16"/><line number="67" hits="8"/><line number="68" hits="16"/><line number="69" hits="8"/><line number="73" hits="5"/><line number="74" hits="2"/><line number="75" hits="6"/><line number="76" hits="5"/><line number="77" hits="5"/><line number="84" hits="7"/><line number="89" hits="8"/><line number="92" hits="8"/><line number="94" hits="8"/><line number="98" hits="8"/><line number="99" hits="2"/><line number="100" hits="7"/><line number="102" hits="7"/><line number="107" hits="3"/><line number="108" hits="7"/><line number="109" hits="4"/><line number="110" hits="3"/><line number="112" hits="2"/><line number="113" hits="3"/><line number="116" hits="3"/></lines></class><class name="utils" filename="src/utils.rs" line-rate="1" branch-rate="0" complexity="0"><methods/><lines><line number="2" hits="10"/><line number="3" hits="6"/></lines></class></classes></package></packages></coverage>